[17:02:57] ==================================================
[17:02:57] 📋 F10 批量补充 V1
[17:02:57]   缓存: 0 条
[17:02:57]   需查询: 5535 家 (已缓存 0)
[17:02:57]   本批: 100 家
[17:03:51]   20/100 city:12 err:0 0.4/s
[17:06:48]   40/100 city:19 err:1 0.2/s
[17:09:34]   60/100 city:26 err:2 0.2/s
[17:12:18]   80/100 city:32 err:3 0.1/s
[17:15:02]   100/100 city:37 err:4 0.1/s
[17:15:02]   ✅ 本批: city=37 err=4 耗时725s
[17:15:02]   ⏳ 剩余: 5435 家 (再次运行继续)
[17:15:02] 
📝 写入数据库...
[17:15:02]   city: 194/5868 (3%)
[17:15:02]   full_name: 96/5868 (1%)
[17:15:02]   website: 194/5868 (3%)
[17:15:02]   reg_address: 194/5868 (3%)
[17:15:02]   本次写入: city=37 full_name=96 website=96 reg_address=96
[17:15:25] ==================================================
[17:15:25] 📋 F10 批量补充 V1
[17:15:25]   缓存: 96 条
[17:15:25]   需查询: 5439 家 (已缓存 0)
[17:15:25]   本批: 100 家
[17:17:52]   20/100 city:3 err:1 0.1/s
[17:20:34]   40/100 city:9 err:2 0.1/s
[17:21:50]   60/100 city:16 err:2 0.2/s
[17:24:10]   80/100 city:23 err:3 0.2/s
[17:25:01]   100/100 city:27 err:3 0.2/s
[17:25:01]   ✅ 本批: city=27 err=3 耗时576s
[17:25:01]   ⏳ 剩余: 5339 家 (再次运行继续)
[17:25:01] 
📝 写入数据库...
[17:25:01]   city: 195/5868 (3%)
[17:25:01]   full_name: 193/5868 (3%)
[17:25:01]   website: 196/5868 (3%)
[17:25:01]   reg_address: 196/5868 (3%)
[17:25:01]   本次写入: city=64 full_name=193 website=193 reg_address=193
